<?xml version="1.0" encoding="UTF-8"?>
<!-- Generated by org.testng.reporters.JUnitXMLReporter -->
<testsuite ignored="1" hostname="DESKTOP-P1QCADH" failures="0" tests="1" name="Default test" time="47.667" errors="0" timestamp="2025-05-20T21:27:44 IST">
  <testcase classname="com.testpages.TestUserPage" name="testDeletedUser" time="22.041"/>
  <testcase classname="com.testpages.TestUserPage" name="testRestoreUser" time="0.0">
    <ignored/>
  </testcase> <!-- testRestoreUser -->
</testsuite> <!-- Default test -->
