<?xml version="1.0" encoding="UTF-8"?>
<testng-results ignored="0" total="1" passed="1" failed="0" skipped="0">
  <reporter-output>
  </reporter-output>
  <suite started-at="2025-05-13T21:19:01 IST" name="Default suite" finished-at="2025-05-13T21:19:26 IST" duration-ms="25189">
    <groups>
    </groups>
    <test started-at="2025-05-13T21:19:01 IST" name="Default test" finished-at="2025-05-13T21:19:26 IST" duration-ms="25189">
      <class name="com.testpages.TestUserPage">
        <test-method is-config="true" signature="setup()[pri:0, instance:com.testpages.TestUserPage@3835c46]" started-at="2025-05-13T21:19:01 IST" name="setup" finished-at="2025-05-13T21:19:19 IST" duration-ms="17951" status="PASS">
          <reporter-output>
          </reporter-output>
        </test-method> <!-- setup -->
        <test-method signature="testRestoreUser()[pri:0, instance:com.testpages.TestUserPage@3835c46]" started-at="2025-05-13T21:19:19 IST" name="testRestoreUser" description="To Test Deleted user should be reinstated by restore" finished-at="2025-05-13T21:19:26 IST" duration-ms="7100" status="PASS">
          <reporter-output>
          </reporter-output>
        </test-method> <!-- testRestoreUser -->
      </class> <!-- com.testpages.TestUserPage -->
    </test> <!-- Default test -->
  </suite> <!-- Default suite -->
</testng-results>
